C:\Program Files (x86)\Microsoft Visual Studio\2019\Community\MSBuild\Microsoft\VC\v160\Microsoft.CppBuild.targets(513,5): warning MSB8028: The intermediate directory (x64\Debug\) contains files shared from another project (Assignment1.vcxproj, Assignment2.vcxproj, gameengine_base.vcxproj, week10.vcxproj).  This can lead to incorrect clean and rebuild behavior.
  Application.cpp
C:\Users\SCSM11\Desktop\Sem6_Jan 2022\Game Engine\Assignment 3\Assignment 3\gameengine_base\Assignment 3\InputSystem.h(2,10): warning C4067: unexpected tokens following preprocessor directive - expected a newline
C:\Users\SCSM11\Desktop\Sem6_Jan 2022\Game Engine\Assignment 3\Assignment 3\gameengine_base\Assignment 3\InputSystem.h(3,10): warning C4067: unexpected tokens following preprocessor directive - expected a newline
C:\Users\SCSM11\Desktop\Sem6_Jan 2022\Game Engine\Assignment 3\Assignment 3\gameengine_base\Assignment 3\GameScene.h(2,10): warning C4067: unexpected tokens following preprocessor directive - expected a newline
C:\Users\SCSM11\Desktop\Sem6_Jan 2022\Game Engine\Assignment 3\Assignment 3\gameengine_base\Assignment 3\GameScene.h(3,10): warning C4067: unexpected tokens following preprocessor directive - expected a newline
C:\Users\SCSM11\Desktop\Sem6_Jan 2022\Game Engine\Assignment 3\Assignment 3\gameengine_base\Assignment 3\SplashScene.h(2,10): warning C4067: unexpected tokens following preprocessor directive - expected a newline
C:\Users\SCSM11\Desktop\Sem6_Jan 2022\Game Engine\Assignment 3\Assignment 3\gameengine_base\Assignment 3\LoseScene.h(3,10): warning C4067: unexpected tokens following preprocessor directive - expected a newline
C:\Users\SCSM11\Desktop\Sem6_Jan 2022\Game Engine\Assignment 3\Assignment 3\gameengine_base\Assignment 3\LoseScene.h(4,10): warning C4067: unexpected tokens following preprocessor directive - expected a newline
C:\Users\SCSM11\Desktop\Sem6_Jan 2022\Game Engine\Assignment 3\Assignment 3\gameengine_base\Assignment 3\Application.cpp(69,19): warning C4244: '=': conversion from 'double' to 'float', possible loss of data
C:\Users\SCSM11\Desktop\Sem6_Jan 2022\Game Engine\Assignment 3\Assignment 3\gameengine_base\Assignment 3\Application.cpp(94,21): warning C4244: 'initializing': conversion from 'double' to 'float', possible loss of data
C:\Users\SCSM11\Desktop\Sem6_Jan 2022\Game Engine\Assignment 3\Assignment 3\gameengine_base\Assignment 3\Application.cpp(117,21): warning C4244: 'initializing': conversion from 'double' to 'float', possible loss of data
C:\Users\SCSM11\Desktop\Sem6_Jan 2022\Game Engine\Assignment 3\Assignment 3\gameengine_base\Assignment 3\Application.cpp(127,29): warning C4244: '=': conversion from 'double' to 'float', possible loss of data
  ButtonComponent.cpp
C:\Users\SCSM11\Desktop\Sem6_Jan 2022\Game Engine\Assignment 3\Assignment 3\gameengine_base\Assignment 3\InputSystem.h(2,10): warning C4067: unexpected tokens following preprocessor directive - expected a newline
C:\Users\SCSM11\Desktop\Sem6_Jan 2022\Game Engine\Assignment 3\Assignment 3\gameengine_base\Assignment 3\InputSystem.h(3,10): warning C4067: unexpected tokens following preprocessor directive - expected a newline
  GameScene.cpp
C:\Users\SCSM11\Desktop\Sem6_Jan 2022\Game Engine\Assignment 3\Assignment 3\gameengine_base\Assignment 3\GameScene.h(2,10): warning C4067: unexpected tokens following preprocessor directive - expected a newline
C:\Users\SCSM11\Desktop\Sem6_Jan 2022\Game Engine\Assignment 3\Assignment 3\gameengine_base\Assignment 3\GameScene.h(3,10): warning C4067: unexpected tokens following preprocessor directive - expected a newline
C:\Users\SCSM11\Desktop\Sem6_Jan 2022\Game Engine\Assignment 3\Assignment 3\gameengine_base\Assignment 3\InputSystem.h(2,10): warning C4067: unexpected tokens following preprocessor directive - expected a newline
C:\Users\SCSM11\Desktop\Sem6_Jan 2022\Game Engine\Assignment 3\Assignment 3\gameengine_base\Assignment 3\InputSystem.h(3,10): warning C4067: unexpected tokens following preprocessor directive - expected a newline
C:\Users\SCSM11\Desktop\Sem6_Jan 2022\Game Engine\Assignment 3\Assignment 3\gameengine_base\Assignment 3\GameScene.cpp(71,36): warning C4244: 'argument': conversion from 'int' to 'float', possible loss of data
C:\Users\SCSM11\Desktop\Sem6_Jan 2022\Game Engine\Assignment 3\Assignment 3\gameengine_base\Assignment 3\GameScene.cpp(71,24): warning C4244: 'argument': conversion from 'int' to 'float', possible loss of data
C:\Users\SCSM11\Desktop\Sem6_Jan 2022\Game Engine\Assignment 3\Assignment 3\gameengine_base\Assignment 3\GameScene.cpp(92,94): warning C4244: 'argument': conversion from 'int' to 'float', possible loss of data
C:\Users\SCSM11\Desktop\Sem6_Jan 2022\Game Engine\Assignment 3\Assignment 3\gameengine_base\Assignment 3\GameScene.cpp(92,74): warning C4244: 'argument': conversion from 'int' to 'float', possible loss of data
  LoseScene.cpp
C:\Users\SCSM11\Desktop\Sem6_Jan 2022\Game Engine\Assignment 3\Assignment 3\gameengine_base\Assignment 3\LoseScene.h(3,10): warning C4067: unexpected tokens following preprocessor directive - expected a newline
C:\Users\SCSM11\Desktop\Sem6_Jan 2022\Game Engine\Assignment 3\Assignment 3\gameengine_base\Assignment 3\LoseScene.h(4,10): warning C4067: unexpected tokens following preprocessor directive - expected a newline
C:\Users\SCSM11\Desktop\Sem6_Jan 2022\Game Engine\Assignment 3\Assignment 3\gameengine_base\Assignment 3\InputSystem.h(2,10): warning C4067: unexpected tokens following preprocessor directive - expected a newline
C:\Users\SCSM11\Desktop\Sem6_Jan 2022\Game Engine\Assignment 3\Assignment 3\gameengine_base\Assignment 3\InputSystem.h(3,10): warning C4067: unexpected tokens following preprocessor directive - expected a newline
C:\Users\SCSM11\Desktop\Sem6_Jan 2022\Game Engine\Assignment 3\Assignment 3\gameengine_base\Assignment 3\LoseScene.cpp(85,94): warning C4244: 'argument': conversion from 'int' to 'float', possible loss of data
C:\Users\SCSM11\Desktop\Sem6_Jan 2022\Game Engine\Assignment 3\Assignment 3\gameengine_base\Assignment 3\LoseScene.cpp(85,74): warning C4244: 'argument': conversion from 'int' to 'float', possible loss of data
  SplashScene.cpp
C:\Users\SCSM11\Desktop\Sem6_Jan 2022\Game Engine\Assignment 3\Assignment 3\gameengine_base\Assignment 3\SplashScene.h(2,10): warning C4067: unexpected tokens following preprocessor directive - expected a newline
C:\Users\SCSM11\Desktop\Sem6_Jan 2022\Game Engine\Assignment 3\Assignment 3\gameengine_base\Assignment 3\InputSystem.h(2,10): warning C4067: unexpected tokens following preprocessor directive - expected a newline
C:\Users\SCSM11\Desktop\Sem6_Jan 2022\Game Engine\Assignment 3\Assignment 3\gameengine_base\Assignment 3\InputSystem.h(3,10): warning C4067: unexpected tokens following preprocessor directive - expected a newline
C:\Users\SCSM11\Desktop\Sem6_Jan 2022\Game Engine\Assignment 3\Assignment 3\gameengine_base\Assignment 3\SplashScene.cpp(99,94): warning C4244: 'argument': conversion from 'int' to 'float', possible loss of data
C:\Users\SCSM11\Desktop\Sem6_Jan 2022\Game Engine\Assignment 3\Assignment 3\gameengine_base\Assignment 3\SplashScene.cpp(99,74): warning C4244: 'argument': conversion from 'int' to 'float', possible loss of data
  Window.cpp
  main.cpp
  Generating Code...
  Assignment 3.vcxproj -> C:\Users\SCSM11\Desktop\Sem6_Jan 2022\Game Engine\Assignment 3\Assignment 3\gameengine_base\Debug\Assignment 3.exe
